Found 90 files to process
Starting parallel execution with 2 workers
Reading from: /home/wzhangeb/lancet/DatasetGeneration/dialog_history_run_CHN
Writing to: /home/wzhangeb/lancet/DatasetGeneration/processed_interactions_CHN_1

Batch 1/45: Processing files ['user_52.json', 'user_20.json']
  0%|          | 0/2 [00:00<?, ?it/s]Process ForkPoolWorker-2:
Traceback (most recent call last):
  File "/home/wzhangeb/miniconda3/envs/lancet/lib/python3.10/multiprocessing/pool.py", line 131, in worker
    put((job, i, result))
  File "/home/wzhangeb/miniconda3/envs/lancet/lib/python3.10/multiprocessing/queues.py", line 377, in put
    self._writer.send_bytes(obj)
  File "/home/wzhangeb/miniconda3/envs/lancet/lib/python3.10/multiprocessing/connection.py", line 200, in send_bytes
    self._send_bytes(m[offset:offset + size])
  File "/home/wzhangeb/miniconda3/envs/lancet/lib/python3.10/multiprocessing/connection.py", line 411, in _send_bytes
    self._send(header + buf)
  File "/home/wzhangeb/miniconda3/envs/lancet/lib/python3.10/multiprocessing/connection.py", line 368, in _send
    n = write(self._handle, buf)
BrokenPipeError: [Errno 32] Broken pipe

During handling of the above exception, another exception occurred:

Traceback (most recent call last):
  File "/home/wzhangeb/miniconda3/envs/lancet/lib/python3.10/multiprocessing/process.py", line 314, in _bootstrap
    self.run()
  File "/home/wzhangeb/miniconda3/envs/lancet/lib/python3.10/multiprocessing/process.py", line 108, in run
    self._target(*self._args, **self._kwargs)
  File "/home/wzhangeb/miniconda3/envs/lancet/lib/python3.10/multiprocessing/pool.py", line 136, in worker
    put((job, i, (False, wrapped)))
  File "/home/wzhangeb/miniconda3/envs/lancet/lib/python3.10/multiprocessing/queues.py", line 377, in put
    self._writer.send_bytes(obj)
  File "/home/wzhangeb/miniconda3/envs/lancet/lib/python3.10/multiprocessing/connection.py", line 200, in send_bytes
    self._send_bytes(m[offset:offset + size])
  File "/home/wzhangeb/miniconda3/envs/lancet/lib/python3.10/multiprocessing/connection.py", line 411, in _send_bytes
    self._send(header + buf)
  File "/home/wzhangeb/miniconda3/envs/lancet/lib/python3.10/multiprocessing/connection.py", line 368, in _send
    n = write(self._handle, buf)
BrokenPipeError: [Errno 32] Broken pipe
Process ForkPoolWorker-1:
Traceback (most recent call last):
  File "/home/wzhangeb/miniconda3/envs/lancet/lib/python3.10/multiprocessing/pool.py", line 131, in worker
    put((job, i, result))
  File "/home/wzhangeb/miniconda3/envs/lancet/lib/python3.10/multiprocessing/queues.py", line 377, in put
    self._writer.send_bytes(obj)
  File "/home/wzhangeb/miniconda3/envs/lancet/lib/python3.10/multiprocessing/connection.py", line 200, in send_bytes
    self._send_bytes(m[offset:offset + size])
  File "/home/wzhangeb/miniconda3/envs/lancet/lib/python3.10/multiprocessing/connection.py", line 411, in _send_bytes
    self._send(header + buf)
  File "/home/wzhangeb/miniconda3/envs/lancet/lib/python3.10/multiprocessing/connection.py", line 368, in _send
    n = write(self._handle, buf)
BrokenPipeError: [Errno 32] Broken pipe

During handling of the above exception, another exception occurred:

Traceback (most recent call last):
  File "/home/wzhangeb/miniconda3/envs/lancet/lib/python3.10/multiprocessing/process.py", line 314, in _bootstrap
    self.run()
  File "/home/wzhangeb/miniconda3/envs/lancet/lib/python3.10/multiprocessing/process.py", line 108, in run
    self._target(*self._args, **self._kwargs)
  File "/home/wzhangeb/miniconda3/envs/lancet/lib/python3.10/multiprocessing/pool.py", line 136, in worker
    put((job, i, (False, wrapped)))
  File "/home/wzhangeb/miniconda3/envs/lancet/lib/python3.10/multiprocessing/queues.py", line 377, in put
    self._writer.send_bytes(obj)
  File "/home/wzhangeb/miniconda3/envs/lancet/lib/python3.10/multiprocessing/connection.py", line 200, in send_bytes
    self._send_bytes(m[offset:offset + size])
  File "/home/wzhangeb/miniconda3/envs/lancet/lib/python3.10/multiprocessing/connection.py", line 411, in _send_bytes
    self._send(header + buf)
  File "/home/wzhangeb/miniconda3/envs/lancet/lib/python3.10/multiprocessing/connection.py", line 368, in _send
    n = write(self._handle, buf)
BrokenPipeError: [Errno 32] Broken pipe
